#! /opt/homebrew/Cellar/icarus-verilog/11.0/bin/vvp
:ivl_version "11.0 (stable)";
:ivl_delay_selection "TYPICAL";
:vpi_time_precision + 0;
:vpi_module "/opt/homebrew/Cellar/icarus-verilog/11.0/lib/ivl/system.vpi";
:vpi_module "/opt/homebrew/Cellar/icarus-verilog/11.0/lib/ivl/vhdl_sys.vpi";
:vpi_module "/opt/homebrew/Cellar/icarus-verilog/11.0/lib/ivl/vhdl_textio.vpi";
:vpi_module "/opt/homebrew/Cellar/icarus-verilog/11.0/lib/ivl/v2005_math.vpi";
:vpi_module "/opt/homebrew/Cellar/icarus-verilog/11.0/lib/ivl/va_math.vpi";
S_0x1487041e0 .scope module, "bcd" "bcd" 2 1;
 .timescale 0 0;
    .port_info 0 /INPUT 1 "clk";
    .port_info 1 /INPUT 1 "reset";
    .port_info 2 /INPUT 1 "enable";
    .port_info 3 /OUTPUT 4 "bcd0";
    .port_info 4 /OUTPUT 4 "bcd1";
    .port_info 5 /OUTPUT 4 "bcd2";
v0x1487044d0_0 .var "bcd0", 3 0;
v0x148714590_0 .var "bcd1", 3 0;
v0x148714640_0 .var "bcd2", 3 0;
o0x1400080a0 .functor BUFZ 1, C4<z>; HiZ drive
v0x148714700_0 .net "clk", 0 0, o0x1400080a0;  0 drivers
v0x1487147a0_0 .var "count", 10 0;
o0x140008100 .functor BUFZ 1, C4<z>; HiZ drive
v0x148714890_0 .net "enable", 0 0, o0x140008100;  0 drivers
v0x148714930_0 .var "hundreds", 3 0;
v0x1487149e0_0 .var "ones", 3 0;
o0x140008190 .functor BUFZ 1, C4<z>; HiZ drive
v0x148714a90_0 .net "reset", 0 0, o0x140008190;  0 drivers
v0x148714ba0_0 .var "tens", 3 0;
E_0x148704420 .event edge, v0x148714930_0, v0x148714ba0_0, v0x1487149e0_0;
E_0x148704450 .event edge, v0x1487147a0_0;
E_0x148704480 .event posedge, v0x148714a90_0, v0x148714700_0;
    .scope S_0x1487041e0;
T_0 ;
    %wait E_0x148704480;
    %load/vec4 v0x148714a90_0;
    %flag_set/vec4 8;
    %jmp/0xz  T_0.0, 8;
    %pushi/vec4 0, 0, 11;
    %assign/vec4 v0x1487147a0_0, 0;
    %jmp T_0.1;
T_0.0 ;
    %load/vec4 v0x1487147a0_0;
    %pad/u 32;
    %cmpi/e 999, 0, 32;
    %jmp/0xz  T_0.2, 4;
    %pushi/vec4 0, 0, 11;
    %assign/vec4 v0x1487147a0_0, 0;
    %jmp T_0.3;
T_0.2 ;
    %load/vec4 v0x148714890_0;
    %load/vec4 v0x1487147a0_0;
    %pad/u 32;
    %pushi/vec4 1000, 0, 32;
    %cmp/ne;
    %flag_get/vec4 4;
    %and;
    %flag_set/vec4 8;
    %jmp/0xz  T_0.4, 8;
    %load/vec4 v0x1487147a0_0;
    %addi 1, 0, 11;
    %assign/vec4 v0x1487147a0_0, 0;
T_0.4 ;
T_0.3 ;
T_0.1 ;
    %jmp T_0;
    .thread T_0;
    .scope S_0x1487041e0;
T_1 ;
    %wait E_0x148704450;
    %load/vec4 v0x1487147a0_0;
    %pad/u 32;
    %pushi/vec4 10, 0, 32;
    %mod;
    %pad/u 4;
    %assign/vec4 v0x1487149e0_0, 0;
    %load/vec4 v0x1487147a0_0;
    %pad/u 32;
    %pushi/vec4 10, 0, 32;
    %div;
    %pushi/vec4 10, 0, 32;
    %mod;
    %pad/u 4;
    %assign/vec4 v0x148714ba0_0, 0;
    %load/vec4 v0x1487147a0_0;
    %pad/u 32;
    %pushi/vec4 100, 0, 32;
    %div;
    %pad/u 4;
    %assign/vec4 v0x148714930_0, 0;
    %jmp T_1;
    .thread T_1, $push;
    .scope S_0x1487041e0;
T_2 ;
    %wait E_0x148704420;
    %load/vec4 v0x1487149e0_0;
    %assign/vec4 v0x1487044d0_0, 0;
    %load/vec4 v0x148714ba0_0;
    %assign/vec4 v0x148714590_0, 0;
    %load/vec4 v0x148714930_0;
    %assign/vec4 v0x148714640_0, 0;
    %jmp T_2;
    .thread T_2, $push;
# The file index is used to find the file name in the following table.
:file_names 3;
    "N/A";
    "<interactive>";
    "bcd.v";
