#! /opt/homebrew/Cellar/icarus-verilog/11.0/bin/vvp
:ivl_version "11.0 (stable)";
:ivl_delay_selection "TYPICAL";
:vpi_time_precision - 11;
:vpi_module "/opt/homebrew/Cellar/icarus-verilog/11.0/lib/ivl/system.vpi";
:vpi_module "/opt/homebrew/Cellar/icarus-verilog/11.0/lib/ivl/vhdl_sys.vpi";
:vpi_module "/opt/homebrew/Cellar/icarus-verilog/11.0/lib/ivl/vhdl_textio.vpi";
:vpi_module "/opt/homebrew/Cellar/icarus-verilog/11.0/lib/ivl/v2005_math.vpi";
:vpi_module "/opt/homebrew/Cellar/icarus-verilog/11.0/lib/ivl/va_math.vpi";
S_0x12ee212d0 .scope module, "crc_32" "crc_32" 2 76;
 .timescale -9 -11;
    .port_info 0 /OUTPUT 32 "CRCOUT";
    .port_info 1 /INPUT 1 "CRCCLK";
    .port_info 2 /INPUT 1 "CRCDATAVALID";
    .port_info 3 /INPUT 3 "CRCDATAWIDTH";
    .port_info 4 /INPUT 64 "CRCIN";
    .port_info 5 /INPUT 1 "CRCRESET";
P_0x12ee36400 .param/l "CRC_INIT" 0 2 79, C4<11111111111111111111111111111111>;
o0x130040100 .functor BUFZ 1, C4<z>; HiZ drive
L_0x12ee4ea60 .functor BUFZ 1, o0x130040100, C4<0>, C4<0>, C4<0>;
L_0x12ee55040 .functor BUFZ 32, L_0x12ee53680, C4<00000000000000000000000000000000>, C4<00000000000000000000000000000000>, C4<00000000000000000000000000000000>;
o0x130040010 .functor BUFZ 1, C4<z>; HiZ drive
v0x12ee36600_0 .net "CRCCLK", 0 0, o0x130040010;  0 drivers
o0x130040040 .functor BUFZ 1, C4<z>; HiZ drive
v0x12ee4e4e0_0 .net "CRCDATAVALID", 0 0, o0x130040040;  0 drivers
o0x130040070 .functor BUFZ 3, C4<zzz>; HiZ drive
v0x12ee4e580_0 .net "CRCDATAWIDTH", 2 0, o0x130040070;  0 drivers
o0x1300400a0 .functor BUFZ 64, C4<zzzzzzzzzzzzzzzzzzzzzzzzzzzzzzzzzzzzzzzzzzzzzzzzzzzzzzzzzzzzzzzz>; HiZ drive
v0x12ee4e640_0 .net "CRCIN", 63 0, o0x1300400a0;  0 drivers
v0x12ee4e6f0_0 .net "CRCOUT", 31 0, L_0x12ee55040;  1 drivers
v0x12ee4e7e0_0 .net "CRCRESET", 0 0, o0x130040100;  0 drivers
v0x12ee4e880_0 .net *"_ivl_101", 0 0, L_0x12ee54620;  1 drivers
v0x12ee4e920_0 .net *"_ivl_103", 0 0, L_0x12ee54700;  1 drivers
v0x12ee4e9d0_0 .net *"_ivl_105", 0 0, L_0x12ee54490;  1 drivers
v0x12ee4eae0_0 .net *"_ivl_107", 0 0, L_0x12ee54940;  1 drivers
v0x12ee4eb80_0 .net *"_ivl_109", 0 0, L_0x12ee547a0;  1 drivers
v0x12ee4ec20_0 .net *"_ivl_11", 0 0, L_0x12ee51df0;  1 drivers
v0x12ee4ecd0_0 .net *"_ivl_111", 0 0, L_0x12ee54840;  1 drivers
v0x12ee4ed80_0 .net *"_ivl_113", 0 0, L_0x12ee54ba0;  1 drivers
v0x12ee4ee20_0 .net *"_ivl_115", 0 0, L_0x12ee54c40;  1 drivers
v0x12ee4eed0_0 .net *"_ivl_117", 0 0, L_0x12ee549e0;  1 drivers
v0x12ee4ef70_0 .net *"_ivl_119", 0 0, L_0x12ee54ac0;  1 drivers
v0x12ee4f100_0 .net *"_ivl_121", 0 0, L_0x12ee54ec0;  1 drivers
v0x12ee4f190_0 .net *"_ivl_123", 0 0, L_0x12ee54fa0;  1 drivers
v0x12ee4f230_0 .net *"_ivl_125", 0 0, L_0x12ee54ce0;  1 drivers
v0x12ee4f2d0_0 .net *"_ivl_127", 0 0, L_0x12ee54dc0;  1 drivers
v0x12ee4f380_0 .net *"_ivl_129", 0 0, L_0x12ee535e0;  1 drivers
v0x12ee4f420_0 .net *"_ivl_13", 0 0, L_0x12ee51ec0;  1 drivers
v0x12ee4f4c0_0 .net *"_ivl_15", 0 0, L_0x12ee51fa0;  1 drivers
v0x12ee4f570_0 .net *"_ivl_17", 0 0, L_0x12ee520c0;  1 drivers
v0x12ee4f610_0 .net *"_ivl_19", 0 0, L_0x12ee521c0;  1 drivers
v0x12ee4f6c0_0 .net *"_ivl_21", 0 0, L_0x12ee522b0;  1 drivers
v0x12ee4f760_0 .net *"_ivl_23", 0 0, L_0x12ee52350;  1 drivers
v0x12ee4f810_0 .net *"_ivl_25", 0 0, L_0x12ee52450;  1 drivers
v0x12ee4f8b0_0 .net *"_ivl_27", 0 0, L_0x12ee52510;  1 drivers
v0x12ee4f960_0 .net *"_ivl_29", 0 0, L_0x12ee52620;  1 drivers
v0x12ee4fa00_0 .net *"_ivl_3", 0 0, L_0x12ee51a30;  1 drivers
v0x12ee4fab0_0 .net *"_ivl_31", 0 0, L_0x12ee526e0;  1 drivers
v0x12ee4f020_0 .net *"_ivl_33", 0 0, L_0x12ee52880;  1 drivers
v0x12ee4fd40_0 .net *"_ivl_35", 0 0, L_0x12ee52920;  1 drivers
v0x12ee4fdd0_0 .net *"_ivl_37", 0 0, L_0x12ee52a50;  1 drivers
v0x12ee4fe60_0 .net *"_ivl_39", 0 0, L_0x12ee52af0;  1 drivers
v0x12ee4ff00_0 .net *"_ivl_41", 0 0, L_0x12ee52c30;  1 drivers
v0x12ee4ffa0_0 .net *"_ivl_43", 0 0, L_0x12ee52cd0;  1 drivers
v0x12ee50050_0 .net *"_ivl_45", 0 0, L_0x12ee52b90;  1 drivers
v0x12ee500f0_0 .net *"_ivl_47", 0 0, L_0x12ee52e20;  1 drivers
v0x12ee501a0_0 .net *"_ivl_49", 0 0, L_0x12ee52f80;  1 drivers
v0x12ee50240_0 .net *"_ivl_5", 0 0, L_0x12ee51b10;  1 drivers
v0x12ee502e0_0 .net *"_ivl_51", 0 0, L_0x12ee53020;  1 drivers
v0x12ee50390_0 .net *"_ivl_53", 0 0, L_0x12ee53190;  1 drivers
v0x12ee50430_0 .net *"_ivl_55", 0 0, L_0x12ee52ec0;  1 drivers
v0x12ee504e0_0 .net *"_ivl_57", 0 0, L_0x12ee53310;  1 drivers
v0x12ee50580_0 .net *"_ivl_59", 0 0, L_0x12ee533b0;  1 drivers
v0x12ee50630_0 .net *"_ivl_61", 0 0, L_0x12ee53540;  1 drivers
v0x12ee506d0_0 .net *"_ivl_63", 0 0, L_0x12ee53230;  1 drivers
v0x12ee50780_0 .net *"_ivl_65", 0 0, L_0x12ee537e0;  1 drivers
v0x12ee50820_0 .net *"_ivl_67", 0 0, L_0x12ee53450;  1 drivers
v0x12ee508d0_0 .net *"_ivl_69", 0 0, L_0x12ee52780;  1 drivers
v0x12ee50970_0 .net *"_ivl_7", 0 0, L_0x12ee51c10;  1 drivers
v0x12ee50a20_0 .net *"_ivl_71", 0 0, L_0x12ee53990;  1 drivers
v0x12ee50ad0_0 .net *"_ivl_73", 0 0, L_0x12ee53880;  1 drivers
v0x12ee50b70_0 .net *"_ivl_75", 0 0, L_0x12ee53b50;  1 drivers
v0x12ee50c20_0 .net *"_ivl_77", 0 0, L_0x12ee53a30;  1 drivers
v0x12ee50cc0_0 .net *"_ivl_79", 0 0, L_0x12ee53d20;  1 drivers
v0x12ee50d70_0 .net *"_ivl_81", 0 0, L_0x12ee53bf0;  1 drivers
v0x12ee50e10_0 .net *"_ivl_83", 0 0, L_0x12ee53f00;  1 drivers
v0x12ee50ec0_0 .net *"_ivl_85", 0 0, L_0x12ee53dc0;  1 drivers
v0x12ee50f60_0 .net *"_ivl_87", 0 0, L_0x12ee53e60;  1 drivers
v0x12ee51010_0 .net *"_ivl_89", 0 0, L_0x12ee54100;  1 drivers
v0x12ee510b0_0 .net *"_ivl_9", 0 0, L_0x12ee51cf0;  1 drivers
v0x12ee4fb50_0 .net *"_ivl_91", 0 0, L_0x12ee541e0;  1 drivers
v0x12ee4fc00_0 .net *"_ivl_93", 0 0, L_0x12ee53fa0;  1 drivers
v0x12ee4fca0_0 .net *"_ivl_95", 0 0, L_0x12ee543f0;  1 drivers
v0x12ee51150_0 .net *"_ivl_97", 0 0, L_0x12ee54280;  1 drivers
v0x12ee511f0_0 .net *"_ivl_99", 0 0, L_0x12ee54320;  1 drivers
v0x12ee512a0_0 .var "crc_data_i", 63 0;
v0x12ee51350_0 .net "crcout_ref_xor", 31 0, L_0x12ee53680;  1 drivers
v0x12ee51400_0 .var "crcreg", 31 0;
v0x12ee514b0_0 .net "crcreset_int", 0 0, L_0x12ee4ea60;  1 drivers
v0x12ee51550_0 .var "data_valid", 0 0;
v0x12ee515f0_0 .var "data_width", 2 0;
v0x12ee516a0_0 .var "i", 32 0;
v0x12ee51750_0 .var "j", 32 0;
v0x12ee51800_0 .var "msg", 32 0;
v0x12ee518d0_0 .var "msg_4byte", 64 0;
E_0x12ee34ff0 .event posedge, v0x12ee36600_0;
E_0x12ee36290/0 .event edge, v0x12ee518d0_0, v0x12ee51800_0, v0x12ee512a0_0, v0x12ee515f0_0;
E_0x12ee36290/1 .event edge, v0x12ee51400_0;
E_0x12ee36290 .event/or E_0x12ee36290/0, E_0x12ee36290/1;
E_0x12ee09040 .event edge, v0x12ee515f0_0, v0x12ee512a0_0, v0x12ee51400_0, v0x12ee518d0_0;
L_0x12ee51a30 .part v0x12ee51400_0, 0, 1;
L_0x12ee51b10 .reduce/nor L_0x12ee51a30;
L_0x12ee51c10 .part v0x12ee51400_0, 1, 1;
L_0x12ee51cf0 .reduce/nor L_0x12ee51c10;
L_0x12ee51df0 .part v0x12ee51400_0, 2, 1;
L_0x12ee51ec0 .reduce/nor L_0x12ee51df0;
L_0x12ee51fa0 .part v0x12ee51400_0, 3, 1;
L_0x12ee520c0 .reduce/nor L_0x12ee51fa0;
L_0x12ee521c0 .part v0x12ee51400_0, 4, 1;
L_0x12ee522b0 .reduce/nor L_0x12ee521c0;
L_0x12ee52350 .part v0x12ee51400_0, 5, 1;
L_0x12ee52450 .reduce/nor L_0x12ee52350;
L_0x12ee52510 .part v0x12ee51400_0, 6, 1;
L_0x12ee52620 .reduce/nor L_0x12ee52510;
L_0x12ee526e0 .part v0x12ee51400_0, 7, 1;
L_0x12ee52880 .reduce/nor L_0x12ee526e0;
L_0x12ee52920 .part v0x12ee51400_0, 8, 1;
L_0x12ee52a50 .reduce/nor L_0x12ee52920;
L_0x12ee52af0 .part v0x12ee51400_0, 9, 1;
L_0x12ee52c30 .reduce/nor L_0x12ee52af0;
L_0x12ee52cd0 .part v0x12ee51400_0, 10, 1;
L_0x12ee52b90 .reduce/nor L_0x12ee52cd0;
L_0x12ee52e20 .part v0x12ee51400_0, 11, 1;
L_0x12ee52f80 .reduce/nor L_0x12ee52e20;
L_0x12ee53020 .part v0x12ee51400_0, 12, 1;
L_0x12ee53190 .reduce/nor L_0x12ee53020;
L_0x12ee52ec0 .part v0x12ee51400_0, 13, 1;
L_0x12ee53310 .reduce/nor L_0x12ee52ec0;
L_0x12ee533b0 .part v0x12ee51400_0, 14, 1;
L_0x12ee53540 .reduce/nor L_0x12ee533b0;
L_0x12ee53230 .part v0x12ee51400_0, 15, 1;
L_0x12ee537e0 .reduce/nor L_0x12ee53230;
L_0x12ee53450 .part v0x12ee51400_0, 16, 1;
L_0x12ee52780 .reduce/nor L_0x12ee53450;
L_0x12ee53990 .part v0x12ee51400_0, 17, 1;
L_0x12ee53880 .reduce/nor L_0x12ee53990;
L_0x12ee53b50 .part v0x12ee51400_0, 18, 1;
L_0x12ee53a30 .reduce/nor L_0x12ee53b50;
L_0x12ee53d20 .part v0x12ee51400_0, 19, 1;
L_0x12ee53bf0 .reduce/nor L_0x12ee53d20;
L_0x12ee53f00 .part v0x12ee51400_0, 20, 1;
L_0x12ee53dc0 .reduce/nor L_0x12ee53f00;
L_0x12ee53e60 .part v0x12ee51400_0, 21, 1;
L_0x12ee54100 .reduce/nor L_0x12ee53e60;
L_0x12ee541e0 .part v0x12ee51400_0, 22, 1;
L_0x12ee53fa0 .reduce/nor L_0x12ee541e0;
L_0x12ee543f0 .part v0x12ee51400_0, 23, 1;
L_0x12ee54280 .reduce/nor L_0x12ee543f0;
L_0x12ee54320 .part v0x12ee51400_0, 24, 1;
L_0x12ee54620 .reduce/nor L_0x12ee54320;
L_0x12ee54700 .part v0x12ee51400_0, 25, 1;
L_0x12ee54490 .reduce/nor L_0x12ee54700;
L_0x12ee54940 .part v0x12ee51400_0, 26, 1;
L_0x12ee547a0 .reduce/nor L_0x12ee54940;
L_0x12ee54840 .part v0x12ee51400_0, 27, 1;
L_0x12ee54ba0 .reduce/nor L_0x12ee54840;
L_0x12ee54c40 .part v0x12ee51400_0, 28, 1;
L_0x12ee549e0 .reduce/nor L_0x12ee54c40;
L_0x12ee54ac0 .part v0x12ee51400_0, 29, 1;
L_0x12ee54ec0 .reduce/nor L_0x12ee54ac0;
L_0x12ee54fa0 .part v0x12ee51400_0, 30, 1;
L_0x12ee54ce0 .reduce/nor L_0x12ee54fa0;
L_0x12ee54dc0 .part v0x12ee51400_0, 31, 1;
L_0x12ee535e0 .reduce/nor L_0x12ee54dc0;
LS_0x12ee53680_0_0 .concat [ 1 1 1 1], L_0x12ee535e0, L_0x12ee54ce0, L_0x12ee54ec0, L_0x12ee549e0;
LS_0x12ee53680_0_4 .concat [ 1 1 1 1], L_0x12ee54ba0, L_0x12ee547a0, L_0x12ee54490, L_0x12ee54620;
LS_0x12ee53680_0_8 .concat [ 1 1 1 1], L_0x12ee54280, L_0x12ee53fa0, L_0x12ee54100, L_0x12ee53dc0;
LS_0x12ee53680_0_12 .concat [ 1 1 1 1], L_0x12ee53bf0, L_0x12ee53a30, L_0x12ee53880, L_0x12ee52780;
LS_0x12ee53680_0_16 .concat [ 1 1 1 1], L_0x12ee537e0, L_0x12ee53540, L_0x12ee53310, L_0x12ee53190;
LS_0x12ee53680_0_20 .concat [ 1 1 1 1], L_0x12ee52f80, L_0x12ee52b90, L_0x12ee52c30, L_0x12ee52a50;
LS_0x12ee53680_0_24 .concat [ 1 1 1 1], L_0x12ee52880, L_0x12ee52620, L_0x12ee52450, L_0x12ee522b0;
LS_0x12ee53680_0_28 .concat [ 1 1 1 1], L_0x12ee520c0, L_0x12ee51ec0, L_0x12ee51cf0, L_0x12ee51b10;
LS_0x12ee53680_1_0 .concat [ 4 4 4 4], LS_0x12ee53680_0_0, LS_0x12ee53680_0_4, LS_0x12ee53680_0_8, LS_0x12ee53680_0_12;
LS_0x12ee53680_1_4 .concat [ 4 4 4 4], LS_0x12ee53680_0_16, LS_0x12ee53680_0_20, LS_0x12ee53680_0_24, LS_0x12ee53680_0_28;
L_0x12ee53680 .concat [ 16 16 0 0], LS_0x12ee53680_1_0, LS_0x12ee53680_1_4;
    .scope S_0x12ee212d0;
T_0 ;
    %wait E_0x12ee34ff0;
    %load/vec4 v0x12ee4e640_0;
    %parti/s 1, 56, 7;
    %load/vec4 v0x12ee4e640_0;
    %parti/s 1, 57, 7;
    %concat/vec4; draw_concat_vec4
    %load/vec4 v0x12ee4e640_0;
    %parti/s 1, 58, 7;
    %concat/vec4; draw_concat_vec4
    %load/vec4 v0x12ee4e640_0;
    %parti/s 1, 59, 7;
    %concat/vec4; draw_concat_vec4
    %load/vec4 v0x12ee4e640_0;
    %parti/s 1, 60, 7;
    %concat/vec4; draw_concat_vec4
    %load/vec4 v0x12ee4e640_0;
    %parti/s 1, 61, 7;
    %concat/vec4; draw_concat_vec4
    %load/vec4 v0x12ee4e640_0;
    %parti/s 1, 62, 7;
    %concat/vec4; draw_concat_vec4
    %load/vec4 v0x12ee4e640_0;
    %parti/s 1, 63, 7;
    %concat/vec4; draw_concat_vec4
    %ix/load 4, 56, 0;
    %ix/load 5, 100, 0;
    %flag_set/imm 4, 0;
    %assign/vec4/off/d v0x12ee512a0_0, 4, 5;
    %load/vec4 v0x12ee4e640_0;
    %parti/s 1, 48, 7;
    %load/vec4 v0x12ee4e640_0;
    %parti/s 1, 49, 7;
    %concat/vec4; draw_concat_vec4
    %load/vec4 v0x12ee4e640_0;
    %parti/s 1, 50, 7;
    %concat/vec4; draw_concat_vec4
    %load/vec4 v0x12ee4e640_0;
    %parti/s 1, 51, 7;
    %concat/vec4; draw_concat_vec4
    %load/vec4 v0x12ee4e640_0;
    %parti/s 1, 52, 7;
    %concat/vec4; draw_concat_vec4
    %load/vec4 v0x12ee4e640_0;
    %parti/s 1, 53, 7;
    %concat/vec4; draw_concat_vec4
    %load/vec4 v0x12ee4e640_0;
    %parti/s 1, 54, 7;
    %concat/vec4; draw_concat_vec4
    %load/vec4 v0x12ee4e640_0;
    %parti/s 1, 55, 7;
    %concat/vec4; draw_concat_vec4
    %ix/load 4, 48, 0;
    %ix/load 5, 100, 0;
    %flag_set/imm 4, 0;
    %assign/vec4/off/d v0x12ee512a0_0, 4, 5;
    %load/vec4 v0x12ee4e640_0;
    %parti/s 1, 40, 7;
    %load/vec4 v0x12ee4e640_0;
    %parti/s 1, 41, 7;
    %concat/vec4; draw_concat_vec4
    %load/vec4 v0x12ee4e640_0;
    %parti/s 1, 42, 7;
    %concat/vec4; draw_concat_vec4
    %load/vec4 v0x12ee4e640_0;
    %parti/s 1, 43, 7;
    %concat/vec4; draw_concat_vec4
    %load/vec4 v0x12ee4e640_0;
    %parti/s 1, 44, 7;
    %concat/vec4; draw_concat_vec4
    %load/vec4 v0x12ee4e640_0;
    %parti/s 1, 45, 7;
    %concat/vec4; draw_concat_vec4
    %load/vec4 v0x12ee4e640_0;
    %parti/s 1, 46, 7;
    %concat/vec4; draw_concat_vec4
    %load/vec4 v0x12ee4e640_0;
    %parti/s 1, 47, 7;
    %concat/vec4; draw_concat_vec4
    %ix/load 4, 40, 0;
    %ix/load 5, 100, 0;
    %flag_set/imm 4, 0;
    %assign/vec4/off/d v0x12ee512a0_0, 4, 5;
    %load/vec4 v0x12ee4e640_0;
    %parti/s 1, 32, 7;
    %load/vec4 v0x12ee4e640_0;
    %parti/s 1, 33, 7;
    %concat/vec4; draw_concat_vec4
    %load/vec4 v0x12ee4e640_0;
    %parti/s 1, 34, 7;
    %concat/vec4; draw_concat_vec4
    %load/vec4 v0x12ee4e640_0;
    %parti/s 1, 35, 7;
    %concat/vec4; draw_concat_vec4
    %load/vec4 v0x12ee4e640_0;
    %parti/s 1, 36, 7;
    %concat/vec4; draw_concat_vec4
    %load/vec4 v0x12ee4e640_0;
    %parti/s 1, 37, 7;
    %concat/vec4; draw_concat_vec4
    %load/vec4 v0x12ee4e640_0;
    %parti/s 1, 38, 7;
    %concat/vec4; draw_concat_vec4
    %load/vec4 v0x12ee4e640_0;
    %parti/s 1, 39, 7;
    %concat/vec4; draw_concat_vec4
    %ix/load 4, 32, 0;
    %ix/load 5, 100, 0;
    %flag_set/imm 4, 0;
    %assign/vec4/off/d v0x12ee512a0_0, 4, 5;
    %load/vec4 v0x12ee4e640_0;
    %parti/s 1, 24, 6;
    %load/vec4 v0x12ee4e640_0;
    %parti/s 1, 25, 6;
    %concat/vec4; draw_concat_vec4
    %load/vec4 v0x12ee4e640_0;
    %parti/s 1, 26, 6;
    %concat/vec4; draw_concat_vec4
    %load/vec4 v0x12ee4e640_0;
    %parti/s 1, 27, 6;
    %concat/vec4; draw_concat_vec4
    %load/vec4 v0x12ee4e640_0;
    %parti/s 1, 28, 6;
    %concat/vec4; draw_concat_vec4
    %load/vec4 v0x12ee4e640_0;
    %parti/s 1, 29, 6;
    %concat/vec4; draw_concat_vec4
    %load/vec4 v0x12ee4e640_0;
    %parti/s 1, 30, 6;
    %concat/vec4; draw_concat_vec4
    %load/vec4 v0x12ee4e640_0;
    %parti/s 1, 31, 6;
    %concat/vec4; draw_concat_vec4
    %ix/load 4, 24, 0;
    %ix/load 5, 100, 0;
    %flag_set/imm 4, 0;
    %assign/vec4/off/d v0x12ee512a0_0, 4, 5;
    %load/vec4 v0x12ee4e640_0;
    %parti/s 1, 16, 6;
    %load/vec4 v0x12ee4e640_0;
    %parti/s 1, 17, 6;
    %concat/vec4; draw_concat_vec4
    %load/vec4 v0x12ee4e640_0;
    %parti/s 1, 18, 6;
    %concat/vec4; draw_concat_vec4
    %load/vec4 v0x12ee4e640_0;
    %parti/s 1, 19, 6;
    %concat/vec4; draw_concat_vec4
    %load/vec4 v0x12ee4e640_0;
    %parti/s 1, 20, 6;
    %concat/vec4; draw_concat_vec4
    %load/vec4 v0x12ee4e640_0;
    %parti/s 1, 21, 6;
    %concat/vec4; draw_concat_vec4
    %load/vec4 v0x12ee4e640_0;
    %parti/s 1, 22, 6;
    %concat/vec4; draw_concat_vec4
    %load/vec4 v0x12ee4e640_0;
    %parti/s 1, 23, 6;
    %concat/vec4; draw_concat_vec4
    %ix/load 4, 16, 0;
    %ix/load 5, 100, 0;
    %flag_set/imm 4, 0;
    %assign/vec4/off/d v0x12ee512a0_0, 4, 5;
    %load/vec4 v0x12ee4e640_0;
    %parti/s 1, 8, 5;
    %load/vec4 v0x12ee4e640_0;
    %parti/s 1, 9, 5;
    %concat/vec4; draw_concat_vec4
    %load/vec4 v0x12ee4e640_0;
    %parti/s 1, 10, 5;
    %concat/vec4; draw_concat_vec4
    %load/vec4 v0x12ee4e640_0;
    %parti/s 1, 11, 5;
    %concat/vec4; draw_concat_vec4
    %load/vec4 v0x12ee4e640_0;
    %parti/s 1, 12, 5;
    %concat/vec4; draw_concat_vec4
    %load/vec4 v0x12ee4e640_0;
    %parti/s 1, 13, 5;
    %concat/vec4; draw_concat_vec4
    %load/vec4 v0x12ee4e640_0;
    %parti/s 1, 14, 5;
    %concat/vec4; draw_concat_vec4
    %load/vec4 v0x12ee4e640_0;
    %parti/s 1, 15, 5;
    %concat/vec4; draw_concat_vec4
    %ix/load 4, 8, 0;
    %ix/load 5, 100, 0;
    %flag_set/imm 4, 0;
    %assign/vec4/off/d v0x12ee512a0_0, 4, 5;
    %load/vec4 v0x12ee4e640_0;
    %parti/s 1, 0, 2;
    %load/vec4 v0x12ee4e640_0;
    %parti/s 1, 1, 2;
    %concat/vec4; draw_concat_vec4
    %load/vec4 v0x12ee4e640_0;
    %parti/s 1, 2, 3;
    %concat/vec4; draw_concat_vec4
    %load/vec4 v0x12ee4e640_0;
    %parti/s 1, 3, 3;
    %concat/vec4; draw_concat_vec4
    %load/vec4 v0x12ee4e640_0;
    %parti/s 1, 4, 4;
    %concat/vec4; draw_concat_vec4
    %load/vec4 v0x12ee4e640_0;
    %parti/s 1, 5, 4;
    %concat/vec4; draw_concat_vec4
    %load/vec4 v0x12ee4e640_0;
    %parti/s 1, 6, 4;
    %concat/vec4; draw_concat_vec4
    %load/vec4 v0x12ee4e640_0;
    %parti/s 1, 7, 4;
    %concat/vec4; draw_concat_vec4
    %ix/load 4, 0, 0;
    %ix/load 5, 100, 0;
    %flag_set/imm 4, 0;
    %assign/vec4/off/d v0x12ee512a0_0, 4, 5;
    %jmp T_0;
    .thread T_0;
    .scope S_0x12ee212d0;
T_1 ;
    %wait E_0x12ee34ff0;
    %load/vec4 v0x12ee4e4e0_0;
    %assign/vec4 v0x12ee51550_0, 100;
    %load/vec4 v0x12ee4e580_0;
    %assign/vec4 v0x12ee515f0_0, 100;
    %jmp T_1;
    .thread T_1;
    .scope S_0x12ee212d0;
T_2 ;
    %wait E_0x12ee09040;
    %load/vec4 v0x12ee515f0_0;
    %dup/vec4;
    %pushi/vec4 4, 0, 3;
    %cmp/u;
    %jmp/1 T_2.0, 6;
    %dup/vec4;
    %pushi/vec4 5, 0, 3;
    %cmp/u;
    %jmp/1 T_2.1, 6;
    %dup/vec4;
    %pushi/vec4 6, 0, 3;
    %cmp/u;
    %jmp/1 T_2.2, 6;
    %dup/vec4;
    %pushi/vec4 7, 0, 3;
    %cmp/u;
    %jmp/1 T_2.3, 6;
    %pushi/vec4 4294967295, 0, 65;
    %store/vec4 v0x12ee518d0_0, 0, 65;
    %jmp T_2.5;
T_2.0 ;
    %load/vec4 v0x12ee51400_0;
    %concati/vec4 0, 0, 32;
    %pad/u 65;
    %load/vec4 v0x12ee512a0_0;
    %parti/s 40, 24, 6;
    %concati/vec4 0, 0, 24;
    %pad/u 65;
    %xor;
    %store/vec4 v0x12ee518d0_0, 0, 65;
    %jmp T_2.5;
T_2.1 ;
    %load/vec4 v0x12ee51400_0;
    %concati/vec4 0, 0, 32;
    %pad/u 65;
    %load/vec4 v0x12ee512a0_0;
    %parti/s 48, 16, 6;
    %concati/vec4 0, 0, 16;
    %pad/u 65;
    %xor;
    %store/vec4 v0x12ee518d0_0, 0, 65;
    %jmp T_2.5;
T_2.2 ;
    %load/vec4 v0x12ee51400_0;
    %concati/vec4 0, 0, 32;
    %pad/u 65;
    %load/vec4 v0x12ee512a0_0;
    %parti/s 56, 8, 5;
    %concati/vec4 0, 0, 8;
    %pad/u 65;
    %xor;
    %store/vec4 v0x12ee518d0_0, 0, 65;
    %jmp T_2.5;
T_2.3 ;
    %load/vec4 v0x12ee51400_0;
    %concati/vec4 0, 0, 32;
    %pad/u 65;
    %load/vec4 v0x12ee512a0_0;
    %pad/u 65;
    %xor;
    %store/vec4 v0x12ee518d0_0, 0, 65;
    %jmp T_2.5;
T_2.5 ;
    %pop/vec4 1;
    %pushi/vec4 0, 0, 33;
    %store/vec4 v0x12ee51750_0, 0, 33;
T_2.6 ;
    %load/vec4 v0x12ee51750_0;
    %cmpi/u 32, 0, 33;
    %jmp/0xz T_2.7, 5;
    %load/vec4 v0x12ee518d0_0;
    %ix/load 4, 1, 0;
    %flag_set/imm 4, 0;
    %shiftl 4;
    %store/vec4 v0x12ee518d0_0, 0, 65;
    %load/vec4 v0x12ee518d0_0;
    %parti/s 1, 64, 8;
    %cmpi/e 1, 0, 1;
    %jmp/0xz  T_2.8, 4;
    %load/vec4 v0x12ee518d0_0;
    %parti/s 32, 32, 7;
    %pushi/vec4 517762881, 0, 32;
    %xor;
    %ix/load 4, 32, 0;
    %flag_set/imm 4, 0;
    %store/vec4 v0x12ee518d0_0, 4, 32;
T_2.8 ;
    %load/vec4 v0x12ee51750_0;
    %addi 1, 0, 33;
    %store/vec4 v0x12ee51750_0, 0, 33;
    %jmp T_2.6;
T_2.7 ;
    %jmp T_2;
    .thread T_2, $push;
    .scope S_0x12ee212d0;
T_3 ;
    %wait E_0x12ee36290;
    %load/vec4 v0x12ee515f0_0;
    %parti/s 2, 0, 2;
    %dup/vec4;
    %pushi/vec4 0, 0, 2;
    %cmp/u;
    %jmp/1 T_3.0, 6;
    %dup/vec4;
    %pushi/vec4 1, 0, 2;
    %cmp/u;
    %jmp/1 T_3.1, 6;
    %dup/vec4;
    %pushi/vec4 2, 0, 2;
    %cmp/u;
    %jmp/1 T_3.2, 6;
    %load/vec4 v0x12ee515f0_0;
    %parti/s 1, 2, 3;
    %cmpi/e 0, 0, 1;
    %jmp/0xz  T_3.5, 4;
    %load/vec4 v0x12ee51400_0;
    %pad/u 33;
    %load/vec4 v0x12ee512a0_0;
    %parti/s 32, 32, 7;
    %pad/u 33;
    %xor;
    %store/vec4 v0x12ee51800_0, 0, 33;
    %jmp T_3.6;
T_3.5 ;
    %load/vec4 v0x12ee518d0_0;
    %parti/s 33, 32, 7;
    %store/vec4 v0x12ee51800_0, 0, 33;
T_3.6 ;
    %pushi/vec4 0, 0, 33;
    %store/vec4 v0x12ee516a0_0, 0, 33;
T_3.7 ;
    %load/vec4 v0x12ee516a0_0;
    %cmpi/u 32, 0, 33;
    %jmp/0xz T_3.8, 5;
    %load/vec4 v0x12ee51800_0;
    %ix/load 4, 1, 0;
    %flag_set/imm 4, 0;
    %shiftl 4;
    %store/vec4 v0x12ee51800_0, 0, 33;
    %load/vec4 v0x12ee51800_0;
    %parti/s 1, 32, 7;
    %cmpi/e 1, 0, 1;
    %jmp/0xz  T_3.9, 4;
    %load/vec4 v0x12ee51800_0;
    %parti/s 32, 0, 2;
    %pushi/vec4 517762881, 0, 32;
    %xor;
    %ix/load 4, 0, 0;
    %flag_set/imm 4, 0;
    %store/vec4 v0x12ee51800_0, 4, 32;
T_3.9 ;
    %load/vec4 v0x12ee516a0_0;
    %addi 1, 0, 33;
    %store/vec4 v0x12ee516a0_0, 0, 33;
    %jmp T_3.7;
T_3.8 ;
    %jmp T_3.4;
T_3.0 ;
    %load/vec4 v0x12ee515f0_0;
    %parti/s 1, 2, 3;
    %cmpi/e 0, 0, 1;
    %jmp/0xz  T_3.11, 4;
    %load/vec4 v0x12ee51400_0;
    %pad/u 33;
    %load/vec4 v0x12ee512a0_0;
    %parti/s 8, 56, 7;
    %concati/vec4 0, 0, 24;
    %pad/u 33;
    %xor;
    %store/vec4 v0x12ee51800_0, 0, 33;
    %jmp T_3.12;
T_3.11 ;
    %load/vec4 v0x12ee518d0_0;
    %parti/s 33, 32, 7;
    %store/vec4 v0x12ee51800_0, 0, 33;
T_3.12 ;
    %pushi/vec4 0, 0, 33;
    %store/vec4 v0x12ee516a0_0, 0, 33;
T_3.13 ;
    %load/vec4 v0x12ee516a0_0;
    %cmpi/u 8, 0, 33;
    %jmp/0xz T_3.14, 5;
    %load/vec4 v0x12ee51800_0;
    %ix/load 4, 1, 0;
    %flag_set/imm 4, 0;
    %shiftl 4;
    %store/vec4 v0x12ee51800_0, 0, 33;
    %load/vec4 v0x12ee51800_0;
    %parti/s 1, 32, 7;
    %cmpi/e 1, 0, 1;
    %jmp/0xz  T_3.15, 4;
    %load/vec4 v0x12ee51800_0;
    %parti/s 32, 0, 2;
    %pushi/vec4 517762881, 0, 32;
    %xor;
    %ix/load 4, 0, 0;
    %flag_set/imm 4, 0;
    %store/vec4 v0x12ee51800_0, 4, 32;
T_3.15 ;
    %load/vec4 v0x12ee516a0_0;
    %addi 1, 0, 33;
    %store/vec4 v0x12ee516a0_0, 0, 33;
    %jmp T_3.13;
T_3.14 ;
    %jmp T_3.4;
T_3.1 ;
    %load/vec4 v0x12ee515f0_0;
    %parti/s 1, 2, 3;
    %cmpi/e 0, 0, 1;
    %jmp/0xz  T_3.17, 4;
    %load/vec4 v0x12ee51400_0;
    %pad/u 33;
    %load/vec4 v0x12ee512a0_0;
    %parti/s 16, 48, 7;
    %concati/vec4 0, 0, 16;
    %pad/u 33;
    %xor;
    %store/vec4 v0x12ee51800_0, 0, 33;
    %jmp T_3.18;
T_3.17 ;
    %load/vec4 v0x12ee518d0_0;
    %parti/s 33, 32, 7;
    %store/vec4 v0x12ee51800_0, 0, 33;
T_3.18 ;
    %pushi/vec4 0, 0, 33;
    %store/vec4 v0x12ee516a0_0, 0, 33;
T_3.19 ;
    %load/vec4 v0x12ee516a0_0;
    %cmpi/u 16, 0, 33;
    %jmp/0xz T_3.20, 5;
    %load/vec4 v0x12ee51800_0;
    %ix/load 4, 1, 0;
    %flag_set/imm 4, 0;
    %shiftl 4;
    %store/vec4 v0x12ee51800_0, 0, 33;
    %load/vec4 v0x12ee51800_0;
    %parti/s 1, 32, 7;
    %cmpi/e 1, 0, 1;
    %jmp/0xz  T_3.21, 4;
    %load/vec4 v0x12ee51800_0;
    %parti/s 32, 0, 2;
    %pushi/vec4 517762881, 0, 32;
    %xor;
    %ix/load 4, 0, 0;
    %flag_set/imm 4, 0;
    %store/vec4 v0x12ee51800_0, 4, 32;
T_3.21 ;
    %load/vec4 v0x12ee516a0_0;
    %addi 1, 0, 33;
    %store/vec4 v0x12ee516a0_0, 0, 33;
    %jmp T_3.19;
T_3.20 ;
    %jmp T_3.4;
T_3.2 ;
    %load/vec4 v0x12ee515f0_0;
    %parti/s 1, 2, 3;
    %cmpi/e 0, 0, 1;
    %jmp/0xz  T_3.23, 4;
    %load/vec4 v0x12ee51400_0;
    %pad/u 33;
    %load/vec4 v0x12ee512a0_0;
    %parti/s 24, 40, 7;
    %concati/vec4 0, 0, 8;
    %pad/u 33;
    %xor;
    %store/vec4 v0x12ee51800_0, 0, 33;
    %jmp T_3.24;
T_3.23 ;
    %load/vec4 v0x12ee518d0_0;
    %parti/s 33, 32, 7;
    %store/vec4 v0x12ee51800_0, 0, 33;
T_3.24 ;
    %pushi/vec4 0, 0, 33;
    %store/vec4 v0x12ee516a0_0, 0, 33;
T_3.25 ;
    %load/vec4 v0x12ee516a0_0;
    %cmpi/u 24, 0, 33;
    %jmp/0xz T_3.26, 5;
    %load/vec4 v0x12ee51800_0;
    %ix/load 4, 1, 0;
    %flag_set/imm 4, 0;
    %shiftl 4;
    %store/vec4 v0x12ee51800_0, 0, 33;
    %load/vec4 v0x12ee51800_0;
    %parti/s 1, 32, 7;
    %cmpi/e 1, 0, 1;
    %jmp/0xz  T_3.27, 4;
    %load/vec4 v0x12ee51800_0;
    %parti/s 32, 0, 2;
    %pushi/vec4 517762881, 0, 32;
    %xor;
    %ix/load 4, 0, 0;
    %flag_set/imm 4, 0;
    %store/vec4 v0x12ee51800_0, 4, 32;
T_3.27 ;
    %load/vec4 v0x12ee516a0_0;
    %addi 1, 0, 33;
    %store/vec4 v0x12ee516a0_0, 0, 33;
    %jmp T_3.25;
T_3.26 ;
    %jmp T_3.4;
T_3.4 ;
    %pop/vec4 1;
    %jmp T_3;
    .thread T_3, $push;
    .scope S_0x12ee212d0;
T_4 ;
    %wait E_0x12ee34ff0;
    %load/vec4 v0x12ee514b0_0;
    %flag_set/vec4 8;
    %jmp/0xz  T_4.0, 8;
    %pushi/vec4 4294967295, 0, 32;
    %assign/vec4 v0x12ee51400_0, 100;
    %jmp T_4.1;
T_4.0 ;
    %load/vec4 v0x12ee51550_0;
    %flag_set/vec4 8;
    %jmp/0xz  T_4.2, 8;
    %load/vec4 v0x12ee51800_0;
    %parti/s 32, 0, 2;
    %assign/vec4 v0x12ee51400_0, 100;
T_4.2 ;
T_4.1 ;
    %jmp T_4;
    .thread T_4;
# The file index is used to find the file name in the following table.
:file_names 3;
    "N/A";
    "<interactive>";
    "crc32.v";
